<?xml version="1.0" encoding="UTF-8"?>
<!-- Generated by org.testng.reporters.JUnitReportReporter -->
<testsuite skipped="0" hostname="192.168.1.6" name="runner.RunCuke" tests="4" failures="1" timestamp="2022-07-28T17:26:42 IST" time="37.571" errors="0">
  <testcase name="runScenario" time="9.579" classname="runner.RunCuke"/>
  <system-out/>
  <testcase name="runScenario" time="6.854" classname="runner.RunCuke">
    <failure type="java.lang.AssertionError" message="expected [true] but found [false]">
      <![CDATA[java.lang.AssertionError: expected [true] but found [false]
at org.testng.Assert.fail(Assert.java:110)
at org.testng.Assert.failNotEquals(Assert.java:1413)
at org.testng.Assert.assertTrue(Assert.java:56)
at org.testng.Assert.assertTrue(Assert.java:66)
at steps.CarWaleSteps.user_validates_car_title(CarWaleSteps.java:64)
at âœ½.user validates carTitle as "Kia Carss"(file:///Users/rahularora/seleniumworkspace/BatchDiagnal/CucumberPageObjectsSelenium/src/test/resources/features/findnewcar.feature:12)
]]>
    </failure>
  </testcase> <!-- runScenario -->
  <system-out/>
  <testcase name="runScenario" time="9.802" classname="runner.RunCuke"/>
  <system-out/>
  <testcase name="runScenario" time="11.336" classname="runner.RunCuke"/>
  <system-out/>
</testsuite> <!-- runner.RunCuke -->
